- 16:03:53 [INFO] Starting target session
- 16:03:53 [INFO] Connected to dra72x-evm via serial 
- 16:03:53 [INFO] Host: #check prompt
- 16:03:56 [ERROR] On command: #check prompt waiting for #check prompt.+?(?-mix:((?-mix:login:)|[Pp]assword)) >>> error: execution expired
- 16:03:56 [INFO] Target: 
- 16:03:56 [INFO] Host: #check prompt
- 16:03:58 [ERROR] On command: #check prompt waiting for #check prompt.+?(?-mix:root@.+[@:#]+) >>> error: execution expired
- 16:03:58 [INFO] Target: 
- 16:03:58 [INFO] Host: #check prompt
- 16:04:00 [ERROR] On command: #check prompt waiting for #check prompt.+?(?-mix:root@.+[@:#]+) >>> error: execution expired
- 16:04:00 [INFO] Target: 
- 16:04:00 [INFO] Host: #check prompt
- 16:04:02 [ERROR] On command: #check prompt waiting for #check prompt.+?(?-mix:root@.+[@:#]+) >>> error: execution expired
- 16:04:02 [INFO] Target: 
- 16:04:02 [INFO] Disconnected serial from dra72x-evm
- 16:04:03 [INFO] Connected to dra72x-evm via serial 
- 16:04:03 [INFO] Host: 
- 16:04:43 [ERROR] On command:  waiting for (?-mix:U-Boot#) >>> error: execution expired
- 16:04:43 [INFO] Target: 
- 16:04:43 [INFO] Boot attempt 1/1 failed
- 16:04:43 [INFO] Collecting kernel traces via sysrq...
- 16:04:54 [INFO] 
- 16:05:04 [INFO] 
- 16:05:14 [INFO] 
- 16:05:14 [INFO] Disconnected serial from dra72x-evm
URL:gtsystest.telogy.design.ti.com/vatf/tigtfarm16/tigtfarm16_vatf@dra72x-evm/tigtfarm1604_22_2016_16_03_53/files/session_iteration_1/test_1
REMOTE BOARD DEAD!
EMAIL--------->8------
DATE:Fri Apr 22 07:05:33 CDT 2016
Local IP:
User Information: 
No one logged on.
Board: dra72x-evm
URL: gtsystest.telogy.design.ti.com/vatf/tigtfarm16/tigtfarm16_vatf@dra72x-evm/tigtfarm1604_22_2016_16_03_53/files/session_iteration_1/test_1
RESULTS_FILE: 
++++++START RESULTS++++
TEST SCENARIO        	 RESULT   	 NOTES                          	 LOGS                           
                     	 f        	 # BootLoader::BootloaderException: BootLoader::BootloaderException ["Failed to load bootloader", "/usr/local/vatf/source/target/linux/boot_loader.rb:228:in `stop_at_boot_prompt'", "/usr/local/vatf/source/target/linux/boot_loader.rb:77:in `run'", "/usr/local/vatf/source/target/linux/linux_equipment_driver.rb:171:in `boot'", "/home/tigtfarm16/opentest/repos/vatf@dra72x-evm_arago-project_org_git_projects_test-automation_execution-engines_vatf-scripts_git_/LSP/default_test_module.rb:332:in `block in boot_dut'", "/home/tigtfarm16/opentest/repos/vatf@dra72x-evm_arago-project_org_git_projects_test-automation_execution-engines_vatf-scripts_git_/LSP/default_test_module.rb:330:in `times'", "/home/tigtfarm16/opentest/repos/vatf@dra72x-evm_arago-project_org_git_projects_test-automation_execution-engines_vatf-scripts_git_/LSP/default_test_module.rb:330:in `boot_dut'", "/home/tigtfarm16/opentest/repos/vatf@dra72x-evm_arago-project_org_git_projects_test-automation_execution-engines_vatf-scripts_git_/LSP/default_test_module.rb:374:in `setup'", "/home/tigtfarm16/opentest/repos/vatf@dra72x-evm_arago-project_org_git_projects_test-automation_execution-engines_vatf-scripts_git_/LSP/default_target_test.rb:19:in `setup'", "/usr/lib/ruby/vendor_ruby/facets/kernel/as.rb:112:in `call'", "/usr/lib/ruby/vendor_ruby/facets/kernel/as.rb:112:in `method_missing'", "/home/tigtfarm16/opentest/repos/vatf@dra72x-evm_arago-project_org_git_projects_test-automation_execution-engines_vatf-scripts_git_/LSP/TARGET/dev_test.rb:6:in `setup'", "/usr/local/vatf/source/atf_session_runner.rb:438:in `block in start_test'", "/usr/local/vatf/source/atf_session_runner.rb:425:in `fork'", "/usr/local/vatf/source/atf_session_runner.rb:425:in `start_test'", "/usr/local/vatf/source/atf_session_runner.rb:304:in `block in init_test_iterations'", "/usr/local/vatf/source/atf_session_runner.rb:299:in `upto'", "/usr/local/vatf/source/atf_session_runner.rb:299:in `init_test_iterations'", "atf_run.rb:52:in `block (4 levels) in run_session'", "atf_run.rb:51:in `each'", "atf_run.rb:51:in `block (3 levels) in run_session'", "atf_run.rb:49:in `each'", "atf_run.rb:49:in `block (2 levels) in run_session'", "atf_run.rb:48:in `upto'", "atf_run.rb:48:in `block in run_session'", "atf_run.rb:43:in `each'", "atf_run.rb:43:in `run_session'", "atf_run.rb:112:in ` main '"] 	 http://gtsystest.telogy.design.ti.com/vatf/tigtfarm16/tigtfarm16_vatf@dra72x-evm/tigtfarm1604_22_2016_16_03_53/files/session_iteration_1/test_1/dev_test_1.html 
++++++END RESULTS++++
THREAD FILE: 
++++++START THREAD++++
#####Job:java -Duser.home=/home/nmenon/dummy_ssh -jar opentest_cli.jar  --hw platform=dra72x-evm,linux_farm --sw test_scripts_root=git://http://arago-project.org/git/projects/test-automation/execution-engines/vatf-scripts.git~kernel=/tftpboot/autobuild/zImage~kernel_modules=~dtb=/tftpboot/autobuild/dra72-evm.dtb~var_test_no_stats=1 --template penguin   --params script="/home/nmenon/Src/opensource/opentest-wrapper/target-test-basic.sh"
Software asset copy completed:6989920
Software asset copy completed:85145
Software asset copy completed:1641
600 is not a file or the file does not exist, pass into build description as-is
STAF request: TESTSESSION START was received by TMC
Session handle=3860_15109148_128.247.83.51
Session 3860_15109148_128.247.83.51 started at Fri Apr 22 08:08:00 EDT 2016 is still IN-Progress
Session comments: 
Session 3860_15109148_128.247.83.51 started at Fri Apr 22 08:08:00 EDT 2016 is still IN-Progress
Session comments: 
Good Builds: 1, Bad Builds: 0, Completed Builds: 1
Session 3860_15109148_128.247.83.51 started at Fri Apr 22 08:08:00 EDT 2016 is still IN-Progress
Session comments: 
Good Builds: 1, Bad Builds: 0, Completed Builds: 1
Session 3860_15109148_128.247.83.51 started at Fri Apr 22 08:08:00 EDT 2016 is still IN-Progress
Session comments: 
Good Builds: 1, Bad Builds: 0, Completed Builds: 1
Session 3860_15109148_128.247.83.51 started at Fri Apr 22 08:08:00 EDT 2016 is still IN-Progress
Session comments: 
Good Builds: 1, Bad Builds: 0, Completed Builds: 1
Session 3860_15109148_128.247.83.51 started at Fri Apr 22 08:08:00 EDT 2016 is still IN-Progress
Session comments: 
Good Builds: 1, Bad Builds: 0, Completed Builds: 1
Session 3860_15109148_128.247.83.51 started at Fri Apr 22 08:08:00 EDT 2016 is still IN-Progress
Session comments: 
Good Builds: 1, Bad Builds: 0, Completed Builds: 1
Session 3860_15109148_128.247.83.51 started at Fri Apr 22 08:08:00 EDT 2016 is still IN-Progress
Session comments: 
Good Builds: 1, Bad Builds: 0, Completed Builds: 1
Session 3860_15109148_128.247.83.51 started at Fri Apr 22 08:08:00 EDT 2016 is still IN-Progress
Session comments: 
Good Builds: 1, Bad Builds: 0, Completed Builds: 1
Session 3860_15109148_128.247.83.51 started at Fri Apr 22 08:08:00 EDT 2016 is still IN-Progress
Session comments: 
Good Builds: 1, Bad Builds: 0, Completed Builds: 1
Session 3860_15109148_128.247.83.51 started at Fri Apr 22 08:08:00 EDT 2016 is still IN-Progress
Session comments: 
Good Builds: 1, Bad Builds: 0, Completed Builds: 1
Good Test Reqs: 1, Bad Test Reqs: 0, Completed Test Reqs: 1
Session 3860_15109148_128.247.83.51 completed at Fri Apr 22 08:09:45 EDT 2016
Session comments: 
Good Builds: 1, Bad Builds: 0, Completed Builds: 1
Good Test Reqs: 1, Bad Test Reqs: 0, Completed Test Reqs: 1
===============================================================================
OPENTEST::RESULT::ID::1
OPENTEST::RESULT::STATUS::f
OPENTEST::RESULT::NOTES::# BootLoader::BootloaderException: BootLoader::BootloaderException ["Failed to load bootloader", "/usr/local/vatf/source/target/linux/boot_loader.rb:228:in `stop_at_boot_prompt'", "/usr/local/vatf/source/target/linux/boot_loader.rb:77:in `run'", "/usr/local/vatf/source/target/linux/linux_equipment_driver.rb:171:in `boot'", "/home/tigtfarm16/opentest/repos/vatf@dra72x-evm_arago-project_org_git_projects_test-automation_execution-engines_vatf-scripts_git_/LSP/default_test_module.rb:332:in `block in boot_dut'", "/home/tigtfarm16/opentest/repos/vatf@dra72x-evm_arago-project_org_git_projects_test-automation_execution-engines_vatf-scripts_git_/LSP/default_test_module.rb:330:in `times'", "/home/tigtfarm16/opentest/repos/vatf@dra72x-evm_arago-project_org_git_projects_test-automation_execution-engines_vatf-scripts_git_/LSP/default_test_module.rb:330:in `boot_dut'", "/home/tigtfarm16/opentest/repos/vatf@dra72x-evm_arago-project_org_git_projects_test-automation_execution-engines_vatf-scripts_git_/LSP/default_test_module.rb:374:in `setup'", "/home/tigtfarm16/opentest/repos/vatf@dra72x-evm_arago-project_org_git_projects_test-automation_execution-engines_vatf-scripts_git_/LSP/default_target_test.rb:19:in `setup'", "/usr/lib/ruby/vendor_ruby/facets/kernel/as.rb:112:in `call'", "/usr/lib/ruby/vendor_ruby/facets/kernel/as.rb:112:in `method_missing'", "/home/tigtfarm16/opentest/repos/vatf@dra72x-evm_arago-project_org_git_projects_test-automation_execution-engines_vatf-scripts_git_/LSP/TARGET/dev_test.rb:6:in `setup'", "/usr/local/vatf/source/atf_session_runner.rb:438:in `block in start_test'", "/usr/local/vatf/source/atf_session_runner.rb:425:in `fork'", "/usr/local/vatf/source/atf_session_runner.rb:425:in `start_test'", "/usr/local/vatf/source/atf_session_runner.rb:304:in `block in init_test_iterations'", "/usr/local/vatf/source/atf_session_runner.rb:299:in `upto'", "/usr/local/vatf/source/atf_session_runner.rb:299:in `init_test_iterations'", "atf_run.rb:52:in `block (4 levels) in run_session'", "atf_run.rb:51:in `each'", "atf_run.rb:51:in `block (3 levels) in run_session'", "atf_run.rb:49:in `each'", "atf_run.rb:49:in `block (2 levels) in run_session'", "atf_run.rb:48:in `upto'", "atf_run.rb:48:in `block in run_session'", "atf_run.rb:43:in `each'", "atf_run.rb:43:in `run_session'", "atf_run.rb:112:in ` main '"]
					<p><a href="http://gtsystest.telogy.design.ti.com/vatf/tigtfarm16/tigtfarm16_vatf@dra72x-evm/tigtfarm1604_22_2016_16_03_53/files/session_iteration_1/test_1/dev_test_1.html" target="_blank">LOG PATH</a></p>
				
For more details check results file at: /usr/local/staf/client/out
Making sure session is not alive!
++++++END THREAD++++
EMAIL---------8<------
GIVEN UP RETRIES (2)
