++Distclean++
++build defconfig multi_v7_defconfig++
arch/arm/configs/multi_v7_defconfig:603:warning: override: reassigning to symbol COMMON_CLK_QCOM
warning: (ARCH_MXC) selects CLKSRC_IMX_GPT which has unmet direct dependencies (OF && BROKEN)
warning: (ARCH_MXC) selects CLKSRC_IMX_GPT which has unmet direct dependencies (OF && BROKEN)
++build kernel ++
warning: (ARCH_MXC) selects CLKSRC_IMX_GPT which has unmet direct dependencies (OF && BROKEN)
warning: (ARCH_MXC) selects CLKSRC_IMX_GPT which has unmet direct dependencies (OF && BROKEN)
<stdin>:1253:2: warning: #warning syscall userfaultfd not implemented [-Wcpp]
arch/arm/crypto/Makefile:22: These ARMv8 Crypto Extensions modules need binutils 2.23 or higher
arch/arm/crypto/Makefile:23:  aes-arm-ce.o sha1-arm-ce.o sha2-arm-ce.o ghash-arm-ce.o
kernel/cgroup.c: In function ‘cgroup_mount’:
kernel/cgroup.c:1890:13: warning: ‘root’ may be used uninitialized in this function [-Wuninitialized]
drivers/clk/sunxi/clk-mod0.c:131:1: warning: data definition has no type or storage class [enabled by default]
drivers/clk/sunxi/clk-mod0.c:131:1: error: type defaults to ‘int’ in declaration of ‘module_init’ [-Werror=implicit-int]
drivers/clk/sunxi/clk-mod0.c:131:1: warning: parameter names (without types) in function declaration [enabled by default]
drivers/clk/sunxi/clk-mod0.c:131:1: warning: data definition has no type or storage class [enabled by default]
drivers/clk/sunxi/clk-mod0.c:131:1: error: type defaults to ‘int’ in declaration of ‘module_exit’ [-Werror=implicit-int]
drivers/clk/sunxi/clk-mod0.c:131:1: warning: parameter names (without types) in function declaration [enabled by default]
drivers/clk/sunxi/clk-mod0.c:131:1: warning: ‘sun4i_a10_mod0_clk_driver_init’ defined but not used [-Wunused-function]
cc1: some warnings being treated as errors
make[3]: *** [drivers/clk/sunxi/clk-mod0.o] Error 1
make[2]: *** [drivers/clk/sunxi] Error 2
make[2]: *** Waiting for unfinished jobs....
make[1]: *** [drivers/clk] Error 2
make[1]: *** Waiting for unfinished jobs....
make: *** [drivers] Error 2
make: *** Waiting for unfinished jobs....
Wed Jun 3 16:05:19 CDT 2015: Build result = 1
