- 08:05:59 [INFO] Starting target session
- 08:05:59 [INFO] Connected to sdp4430 via serial 
- 08:05:59 [INFO] Host: #check prompt
- 08:06:02 [ERROR] On command: #check prompt waiting for #check prompt.+?(?-mix:((?-mix:.*\s+login)|[Pp]assword)) >>> error: execution expired
- 08:06:02 [INFO] Target: 
- 08:06:02 [INFO] Host: #check prompt
- 08:06:04 [ERROR] On command: #check prompt waiting for #check prompt.+?(?m-ix:root.*#) >>> error: execution expired
- 08:06:04 [INFO] Target: 
- 08:06:04 [INFO] Disconnected serial from sdp4430
- 08:06:05 [INFO] Connected to sdp4430 via serial 
- 08:06:06 [INFO] Host: 
- 08:06:16 [ERROR] On command:  waiting for (?-mix:U-Boot#) >>> error: execution expired
- 08:06:16 [INFO] Target: 
- 08:06:16 [INFO] Boot attempt 0/1 failed, trying again.....
URL:gtsystest.telogy.design.ti.com/vatf/tidfarm-02.dal.design.ti.com/tidfarm-02.dal.design.ti.com_vatf@8/tidfarm-02.dal.design.ti.com08_21_2015_08_05_57/files/session_iteration_1/test_1
REMOTE BOARD DEAD!
EMAIL--------->8------
DATE:Fri Aug 21 08:06:52 CDT 2015
Local IP:
User Information: 
Login     Name       Tty      Idle  Login Time   Office     Office Phone
nmenon    nmenon     tty7       5d  Aug 15 17:47
Board: sdp4430
URL: gtsystest.telogy.design.ti.com/vatf/tidfarm-02.dal.design.ti.com/tidfarm-02.dal.design.ti.com_vatf@8/tidfarm-02.dal.design.ti.com08_21_2015_08_05_57/files/session_iteration_1/test_1
RESULTS_FILE: 
++++++START RESULTS++++
TEST SCENARIO        	 RESULT   	 NOTES                          	 LOGS                           
                     	 f        	 Failed to load bootloader ["/home/tidfarm02/git_repos/vatf/source/target/linux/boot_loader.rb:184:in `stop_at_boot_prompt'", "/home/tidfarm02/git_repos/vatf/source/target/linux/boot_loader.rb:55:in `run'", "/home/tidfarm02/git_repos/vatf/source/target/linux/linux_equipment_driver.rb:143:in `boot'", "/home/tidfarm02/git_repos/vatf-scripts/vatf@8_arago-project_org_git_projects_test-automation_execution-engines_vatf-scripts_git_/LSP/default_test_module.rb:300:in `block in setup'", "/home/tidfarm02/git_repos/vatf-scripts/vatf@8_arago-project_org_git_projects_test-automation_execution-engines_vatf-scripts_git_/LSP/default_test_module.rb:298:in `times'", "/home/tidfarm02/git_repos/vatf-scripts/vatf@8_arago-project_org_git_projects_test-automation_execution-engines_vatf-scripts_git_/LSP/default_test_module.rb:298:in `setup'", "/home/tidfarm02/git_repos/vatf-scripts/vatf@8_arago-project_org_git_projects_test-automation_execution-engines_vatf-scripts_git_/LSP/default_target_test.rb:19:in `setup'", "/var/lib/gems/1.9.1/gems/facets-2.9.3/lib/core/facets/kernel/as.rb:112:in `call'", "/var/lib/gems/1.9.1/gems/facets-2.9.3/lib/core/facets/kernel/as.rb:112:in `method_missing'", "/home/tidfarm02/git_repos/vatf-scripts/vatf@8_arago-project_org_git_projects_test-automation_execution-engines_vatf-scripts_git_/LSP/TARGET/dev_test.rb:6:in `setup'", "/home/tidfarm02/git_repos/vatf/source/atf_session_runner.rb:440:in `block in start_test'", "/home/tidfarm02/git_repos/vatf/source/atf_session_runner.rb:428:in `fork'", "/home/tidfarm02/git_repos/vatf/source/atf_session_runner.rb:428:in `start_test'", "/home/tidfarm02/git_repos/vatf/source/atf_session_runner.rb:304:in `block in init_test_iterations'", "/home/tidfarm02/git_repos/vatf/source/atf_session_runner.rb:299:in `upto'", "/home/tidfarm02/git_repos/vatf/source/atf_session_runner.rb:299:in `init_test_iterations'", "atf_run.rb:52:in `block (4 levels) in run_session'", "atf_run.rb:51:in `each'", "atf_run.rb:51:in `block (3 levels) in run_session'", "atf_run.rb:49:in `each'", "atf_run.rb:49:in `block (2 levels) in run_session'", "atf_run.rb:48:in `upto'", "atf_run.rb:48:in `block in run_session'", "atf_run.rb:43:in `each'", "atf_run.rb:43:in `run_session'", "atf_run.rb:112:in ` main '"] 	 http://gtsystest.telogy.design.ti.com/vatf/tidfarm-02.dal.design.ti.com/tidfarm-02.dal.design.ti.com_vatf@8/tidfarm-02.dal.design.ti.com08_21_2015_08_05_57/files/session_iteration_1/test_1/dev_test_1.html 
++++++END RESULTS++++
THREAD FILE: 
++++++START THREAD++++
#####Job:java -jar opentest_cli.jar  --hw platform=sdp4430,linux_farm --sw test_scripts_root=git://http://arago-project.org/git/projects/test-automation/execution-engines/vatf-scripts.git~kernel=/tftpboot/autobuild/zImage~kernel_modules=~dtb=/tftpboot/autobuild/omap4-sdp-es23plus.dtb~var_test_no_stats=1 --template penguin  --params script="/home/nmenon/Src/opensource/opentest/cli/boards/target-test-basic.sh"
Software asset copy completed:6367992
Software asset copy completed:58715
Software asset copy completed:1641
600 is not a file or the file does not exist, pass into build description as-is
STAF request: TESTSESSION START was received by TMC
Session handle=910_91418302_128.247.9.115
Session 910_91418302_128.247.9.115 started at Fri Aug 21 09:06:26 EDT 2015 is still IN-Progress
Session comments: 
Session 910_91418302_128.247.9.115 started at Fri Aug 21 09:06:26 EDT 2015 is still IN-Progress
Session comments: 
Session 910_91418302_128.247.9.115 started at Fri Aug 21 09:06:26 EDT 2015 is still IN-Progress
Session comments: 
Session 910_91418302_128.247.9.115 started at Fri Aug 21 09:06:26 EDT 2015 is still IN-Progress
Session comments: 
Session 910_91418302_128.247.9.115 started at Fri Aug 21 09:06:26 EDT 2015 is still IN-Progress
Session comments: 
Session 910_91418302_128.247.9.115 started at Fri Aug 21 09:06:26 EDT 2015 is still IN-Progress
Session comments: 
Session 910_91418302_128.247.9.115 started at Fri Aug 21 09:06:26 EDT 2015 is still IN-Progress
Session comments: 
Good Builds: 1, Bad Builds: 0, Completed Builds: 1
Session 910_91418302_128.247.9.115 started at Fri Aug 21 09:06:26 EDT 2015 is still IN-Progress
Session comments: 
Good Builds: 1, Bad Builds: 0, Completed Builds: 1
Session 910_91418302_128.247.9.115 started at Fri Aug 21 09:06:26 EDT 2015 is still IN-Progress
Session comments: 
Good Builds: 1, Bad Builds: 0, Completed Builds: 1
Session 910_91418302_128.247.9.115 started at Fri Aug 21 09:06:26 EDT 2015 is still IN-Progress
Session comments: 
Good Builds: 1, Bad Builds: 0, Completed Builds: 1
Session 910_91418302_128.247.9.115 started at Fri Aug 21 09:06:26 EDT 2015 is still IN-Progress
Session comments: 
Good Builds: 1, Bad Builds: 0, Completed Builds: 1
Session 910_91418302_128.247.9.115 started at Fri Aug 21 09:06:26 EDT 2015 is still IN-Progress
Session comments: 
Good Builds: 1, Bad Builds: 0, Completed Builds: 1
Session 910_91418302_128.247.9.115 started at Fri Aug 21 09:06:26 EDT 2015 is still IN-Progress
Session comments: 
Good Builds: 1, Bad Builds: 0, Completed Builds: 1
Session 910_91418302_128.247.9.115 started at Fri Aug 21 09:06:26 EDT 2015 is still IN-Progress
Session comments: 
Good Builds: 1, Bad Builds: 0, Completed Builds: 1
Session 910_91418302_128.247.9.115 started at Fri Aug 21 09:06:26 EDT 2015 is still IN-Progress
Session comments: 
Good Builds: 1, Bad Builds: 0, Completed Builds: 1
Session 910_91418302_128.247.9.115 started at Fri Aug 21 09:06:26 EDT 2015 is still IN-Progress
Session comments: 
Good Builds: 1, Bad Builds: 0, Completed Builds: 1
Session 910_91418302_128.247.9.115 started at Fri Aug 21 09:06:26 EDT 2015 is still IN-Progress
Session comments: 
Good Builds: 1, Bad Builds: 0, Completed Builds: 1
Good Test Reqs: 1, Bad Test Reqs: 0, Completed Test Reqs: 1
Session 910_91418302_128.247.9.115 completed at Fri Aug 21 09:09:12 EDT 2015
Session comments: 
Good Builds: 1, Bad Builds: 0, Completed Builds: 1
Good Test Reqs: 1, Bad Test Reqs: 0, Completed Test Reqs: 1
===============================================================================
OPENTEST::RESULT::ID::1
OPENTEST::RESULT::STATUS::f
OPENTEST::RESULT::NOTES::Failed to load bootloader ["/home/tidfarm02/git_repos/vatf/source/target/linux/boot_loader.rb:184:in `stop_at_boot_prompt'", "/home/tidfarm02/git_repos/vatf/source/target/linux/boot_loader.rb:55:in `run'", "/home/tidfarm02/git_repos/vatf/source/target/linux/linux_equipment_driver.rb:143:in `boot'", "/home/tidfarm02/git_repos/vatf-scripts/vatf@8_arago-project_org_git_projects_test-automation_execution-engines_vatf-scripts_git_/LSP/default_test_module.rb:300:in `block in setup'", "/home/tidfarm02/git_repos/vatf-scripts/vatf@8_arago-project_org_git_projects_test-automation_execution-engines_vatf-scripts_git_/LSP/default_test_module.rb:298:in `times'", "/home/tidfarm02/git_repos/vatf-scripts/vatf@8_arago-project_org_git_projects_test-automation_execution-engines_vatf-scripts_git_/LSP/default_test_module.rb:298:in `setup'", "/home/tidfarm02/git_repos/vatf-scripts/vatf@8_arago-project_org_git_projects_test-automation_execution-engines_vatf-scripts_git_/LSP/default_target_test.rb:19:in `setup'", "/var/lib/gems/1.9.1/gems/facets-2.9.3/lib/core/facets/kernel/as.rb:112:in `call'", "/var/lib/gems/1.9.1/gems/facets-2.9.3/lib/core/facets/kernel/as.rb:112:in `method_missing'", "/home/tidfarm02/git_repos/vatf-scripts/vatf@8_arago-project_org_git_projects_test-automation_execution-engines_vatf-scripts_git_/LSP/TARGET/dev_test.rb:6:in `setup'", "/home/tidfarm02/git_repos/vatf/source/atf_session_runner.rb:440:in `block in start_test'", "/home/tidfarm02/git_repos/vatf/source/atf_session_runner.rb:428:in `fork'", "/home/tidfarm02/git_repos/vatf/source/atf_session_runner.rb:428:in `start_test'", "/home/tidfarm02/git_repos/vatf/source/atf_session_runner.rb:304:in `block in init_test_iterations'", "/home/tidfarm02/git_repos/vatf/source/atf_session_runner.rb:299:in `upto'", "/home/tidfarm02/git_repos/vatf/source/atf_session_runner.rb:299:in `init_test_iterations'", "atf_run.rb:52:in `block (4 levels) in run_session'", "atf_run.rb:51:in `each'", "atf_run.rb:51:in `block (3 levels) in run_session'", "atf_run.rb:49:in `each'", "atf_run.rb:49:in `block (2 levels) in run_session'", "atf_run.rb:48:in `upto'", "atf_run.rb:48:in `block in run_session'", "atf_run.rb:43:in `each'", "atf_run.rb:43:in `run_session'", "atf_run.rb:112:in ` main '"]
					<p><a href="http://gtsystest.telogy.design.ti.com/vatf/tidfarm-02.dal.design.ti.com/tidfarm-02.dal.design.ti.com_vatf@8/tidfarm-02.dal.design.ti.com08_21_2015_08_05_57/files/session_iteration_1/test_1/dev_test_1.html" target="_blank">LOG PATH</a></p>
				
For more details check results file at: /home/nmenon/Src/opensource/opentest/cli/client/out
Making sure session is not alive!
++++++END THREAD++++
EMAIL---------8<------
GIVEN UP RETRIES (2)
